<!DOCTYPE html PUBLIC "-//W3C//DTD XHTML 1.1//EN" "https://www.w3.org/TR/xhtml11/DTD/xhtml11.dtd">
<html xmlns="https://www.w3.org/1999/xhtml">
<head>
<meta http-equiv="content-type" content="text/html; charset=UTF-8"/>
<title>TestNG Report</title>
<style type="text/css">table {margin-bottom:10px;border-collapse:collapse;empty-cells:show}th,td {border:1px solid #009;padding:.25em .5em}th {vertical-align:bottom}td {vertical-align:top}table a {font-weight:bold}.stripe td {background-color: #E6EBF9}.num {text-align:right}.passedodd td {background-color: #3F3}.passedeven td {background-color: #0A0}.skippedodd td {background-color: #DDD}.skippedeven td {background-color: #CCC}.failedodd td,.attn {background-color: #F33}.failedeven td,.stripe .attn {background-color: #D00}.stacktrace {white-space:pre;font-family:monospace}.totop {font-size:85%;text-align:center;border-bottom:2px solid #000}.invisible {display:none}</style>
</head>
<body>
<table>
<tr><th>Test</th><th># Passed</th><th># Skipped</th><th># Retried</th><th># Failed</th><th>Time (ms)</th><th>Included Groups</th><th>Excluded Groups</th></tr>
<tr><th colspan="8">PHP Travels Website Automation Test Suite</th></tr>
<tr><td><a href="#t0">PHP Travles Login Test Cases</a></td><td class="num">3</td><td class="num">0</td><td class="num attn">2</td><td class="num attn">1</td><td class="num">53,019</td><td></td><td></td></tr>
</table>
<table id='summary'><thead><tr><th>Class</th><th>Method</th><th>Start</th><th>Time (ms)</th></tr></thead><tbody><tr><th colspan="4">PHP Travels Website Automation Test Suite</th></tr></tbody><tbody id="t0"><tr><th colspan="4">PHP Travles Login Test Cases &#8212; failed</th></tr><tr class="failedeven"><td rowspan="1">com.phptravels.qa.customertc.CustomerLoginTest</td><td><a href="#m0">customerLoginTitleTest</a></td><td rowspan="1">1651857045262</td><td rowspan="1">8</td></tr><tr><th colspan="4">PHP Travles Login Test Cases &#8212; retried</th></tr><tr class="retriedeven"><td rowspan="2">com.phptravels.qa.customertc.CustomerLoginTest</td><td><a href="#m1">customerLoginTitleTest</a></td><td rowspan="2">1651857040048</td><td rowspan="2">25</td></tr><tr class="retriedeven"><td><a href="#m2">customerLoginTitleTest</a></td></tr><tr><th colspan="4">PHP Travles Login Test Cases &#8212; passed</th></tr><tr class="passedeven"><td rowspan="2">com.phptravels.qa.admintc.AdminLoginPageTest</td><td><a href="#m3">loginAdmin</a></td><td rowspan="1">1651857066570</td><td rowspan="1">349</td></tr><tr class="passedeven"><td><a href="#m4">validateAdminLoginPage</a></td><td rowspan="1">1651857060547</td><td rowspan="1">14</td></tr><tr class="passedodd"><td rowspan="1">com.phptravels.qa.customertc.CustomerLoginTest</td><td><a href="#m5">validateLoginCredentialsTest</a></td><td rowspan="1">1651857051935</td><td rowspan="1">2470</td></tr></tbody>
</table>
<h2>PHP Travles Login Test Cases</h2><h3 id="m0">com.phptravels.qa.customertc.CustomerLoginTest#customerLoginTitleTest</h3><table class="result"><tr><th>Exception</th></tr><tr><td><div class="stacktrace">java.lang.AssertionError: expected [Login - PHPTRAVELSS] but found [Login - PHPTRAVELS]
	at com.phptravels.qa.customertc.CustomerLoginTest.customerLoginTitleTest(CustomerLoginTest.java:43)
	at java.base/java.util.ArrayList.forEach(ArrayList.java:1541)
... Removed 37 stack frames</div></td></tr></table><p class="totop"><a href="#summary">back to summary</a></p>
<h3 id="m1">com.phptravels.qa.customertc.CustomerLoginTest#customerLoginTitleTest</h3><table class="result"><tr><th>Exception</th></tr><tr><td><div class="stacktrace">java.lang.AssertionError: expected [Login - PHPTRAVELSS] but found [Login - PHPTRAVELS]
	at com.phptravels.qa.customertc.CustomerLoginTest.customerLoginTitleTest(CustomerLoginTest.java:43)
	at java.base/java.util.ArrayList.forEach(ArrayList.java:1541)
... Removed 37 stack frames</div></td></tr></table><p class="totop"><a href="#summary">back to summary</a></p>
<h3 id="m2">com.phptravels.qa.customertc.CustomerLoginTest#customerLoginTitleTest</h3><table class="result"><tr><th>Exception</th></tr><tr><td><div class="stacktrace">java.lang.AssertionError: expected [Login - PHPTRAVELSS] but found [Login - PHPTRAVELS]
	at com.phptravels.qa.customertc.CustomerLoginTest.customerLoginTitleTest(CustomerLoginTest.java:43)
	at java.base/java.util.ArrayList.forEach(ArrayList.java:1541)
... Removed 37 stack frames</div></td></tr></table><p class="totop"><a href="#summary">back to summary</a></p>
<h3 id="m3">com.phptravels.qa.admintc.AdminLoginPageTest#loginAdmin</h3><table class="result"><tr><th class="invisible"/></tr></table><p class="totop"><a href="#summary">back to summary</a></p>
<h3 id="m4">com.phptravels.qa.admintc.AdminLoginPageTest#validateAdminLoginPage</h3><table class="result"><tr><th class="invisible"/></tr></table><p class="totop"><a href="#summary">back to summary</a></p>
<h3 id="m5">com.phptravels.qa.customertc.CustomerLoginTest#validateLoginCredentialsTest</h3><table class="result"><tr><th class="invisible"/></tr></table><p class="totop"><a href="#summary">back to summary</a></p>
</body>
</html>
