<?xml version="1.0" encoding="UTF-8"?>
<!-- Generated by org.testng.reporters.JUnitXMLReporter -->
<testsuite ignored="0" hostname="DESKTOP-7KBB9M5" failures="1" tests="4" name="PHP Travles Login Test Cases" time="29.07" errors="0" timestamp="2022-05-03T23:52:08 IST">
  <testcase classname="com.phptravels.qa.customertc.CustomerLoginTest" name="customerLoginTitleTest" time="0.011">
    <skipped/>
  </testcase> <!-- customerLoginTitleTest -->
  <testcase classname="com.phptravels.qa.customertc.CustomerLoginTest" name="customerLoginTitleTest" time="0.01">
    <skipped/>
  </testcase> <!-- customerLoginTitleTest -->
  <testcase classname="com.phptravels.qa.customertc.CustomerLoginTest" name="customerLoginTitleTest" time="0.006">
    <failure type="java.lang.AssertionError" message="expected [Login - PHPTRAVELSS] but found [Login - PHPTRAVELS]">
      <![CDATA[java.lang.AssertionError: expected [Login - PHPTRAVELSS] but found [Login - PHPTRAVELS]
at com.phptravels.qa.customertc.CustomerLoginTest.customerLoginTitleTest(CustomerLoginTest.java:33)
at java.base/java.util.ArrayList.forEach(ArrayList.java:1541)
... Removed 33 stack frames]]>
    </failure>
  </testcase> <!-- customerLoginTitleTest -->
  <testcase classname="com.phptravels.qa.customertc.CustomerLoginTest" name="validateLoginCredentialsTest" time="2.486"/>
</testsuite> <!-- PHP Travles Login Test Cases -->
